23:58:05.608 [main] DEBUG io.netty.util.internal.PlatformDependent0 - java.nio.Bits.unaligned: available, true
23:58:05.615 [main] DEBUG io.netty.util.internal.PlatformDependent0 - jdk.internal.misc.Unsafe.allocateUninitializedArray(int): unavailable
java.lang.IllegalAccessException: class io.netty.util.internal.PlatformDependent0$7 cannot access class jdk.internal.misc.Unsafe (in module java.base) because module java.base does not export jdk.internal.misc to unnamed module @1b2c4efb
	at jdk.internal.reflect.Reflection.newIllegalAccessException(Reflection.java:361) ~[?:?]
	at java.lang.reflect.AccessibleObject.checkAccess(AccessibleObject.java:591) ~[?:?]
	at java.lang.reflect.Method.invoke(Method.java:558) ~[?:?]
	at io.netty.util.internal.PlatformDependent0$7.run(PlatformDependent0.java:411) ~[netty-common-4.1.96.Final.jar:4.1.96.Final]
	at java.security.AccessController.doPrivileged(Native Method) ~[?:?]
	at io.netty.util.internal.PlatformDependent0.<clinit>(PlatformDependent0.java:402) ~[netty-common-4.1.96.Final.jar:4.1.96.Final]
	at io.netty.util.internal.PlatformDependent.isAndroid(PlatformDependent.java:333) ~[netty-common-4.1.96.Final.jar:4.1.96.Final]
	at io.netty.util.internal.PlatformDependent.<clinit>(PlatformDependent.java:88) ~[netty-common-4.1.96.Final.jar:4.1.96.Final]
	at io.netty.util.HashedWheelTimer.<init>(HashedWheelTimer.java:114) ~[netty-common-4.1.96.Final.jar:4.1.96.Final]
	at io.netty.util.HashedWheelTimer.<init>(HashedWheelTimer.java:251) ~[netty-common-4.1.96.Final.jar:4.1.96.Final]
	at io.netty.util.HashedWheelTimer.<init>(HashedWheelTimer.java:224) ~[netty-common-4.1.96.Final.jar:4.1.96.Final]
	at io.netty.util.HashedWheelTimer.<init>(HashedWheelTimer.java:203) ~[netty-common-4.1.96.Final.jar:4.1.96.Final]
	at org.asynchttpclient.DefaultAsyncHttpClient.newNettyTimer(DefaultAsyncHttpClient.java:111) ~[async-http-client-2.12.3.jar:?]
	at org.asynchttpclient.DefaultAsyncHttpClient.<init>(DefaultAsyncHttpClient.java:90) ~[async-http-client-2.12.3.jar:?]
	at org.asynchttpclient.Dsl.asyncHttpClient(Dsl.java:32) ~[async-http-client-2.12.3.jar:?]
	at org.openqa.selenium.remote.http.netty.NettyClient.createHttpClient(NettyClient.java:91) ~[selenium-remote-driver-4.13.0.jar:?]
	at org.openqa.selenium.remote.http.netty.NettyClient.<clinit>(NettyClient.java:43) ~[selenium-remote-driver-4.13.0.jar:?]
	at org.openqa.selenium.remote.http.netty.NettyClient$Factory.createClient(NettyClient.java:124) ~[selenium-remote-driver-4.13.0.jar:?]
	at org.openqa.selenium.remote.HttpCommandExecutor.<init>(HttpCommandExecutor.java:115) ~[selenium-remote-driver-4.13.0.jar:?]
	at org.openqa.selenium.remote.HttpCommandExecutor.<init>(HttpCommandExecutor.java:92) ~[selenium-remote-driver-4.13.0.jar:?]
	at org.openqa.selenium.remote.service.DriverCommandExecutor.<init>(DriverCommandExecutor.java:89) ~[selenium-remote-driver-4.13.0.jar:?]
	at org.openqa.selenium.chromium.ChromiumDriverCommandExecutor.<init>(ChromiumDriverCommandExecutor.java:43) ~[selenium-chromium-driver-4.13.0.jar:?]
	at org.openqa.selenium.chrome.ChromeDriver$ChromeDriverCommandExecutor.<init>(ChromeDriver.java:115) ~[selenium-chrome-driver-4.13.0.jar:?]
	at org.openqa.selenium.chrome.ChromeDriver.generateExecutor(ChromeDriver.java:105) ~[selenium-chrome-driver-4.13.0.jar:?]
	at org.openqa.selenium.chrome.ChromeDriver.<init>(ChromeDriver.java:88) ~[selenium-chrome-driver-4.13.0.jar:?]
	at org.openqa.selenium.chrome.ChromeDriver.<init>(ChromeDriver.java:83) ~[selenium-chrome-driver-4.13.0.jar:?]
	at org.openqa.selenium.chrome.ChromeDriver.<init>(ChromeDriver.java:51) ~[selenium-chrome-driver-4.13.0.jar:?]
	at Generic_methods.Base.browserLaunch(Base.java:25) ~[classes/:?]
	at Hooks.Hooks.beforeScenario(Hooks.java:48) ~[test-classes/:?]
	at jdk.internal.reflect.NativeMethodAccessorImpl.invoke0(Native Method) ~[?:?]
	at jdk.internal.reflect.NativeMethodAccessorImpl.invoke(NativeMethodAccessorImpl.java:62) ~[?:?]
	at jdk.internal.reflect.DelegatingMethodAccessorImpl.invoke(DelegatingMethodAccessorImpl.java:43) ~[?:?]
	at java.lang.reflect.Method.invoke(Method.java:566) ~[?:?]
	at io.cucumber.java.Invoker.doInvoke(Invoker.java:66) ~[cucumber-java-6.11.0.jar:6.11.0]
	at io.cucumber.java.Invoker.invoke(Invoker.java:24) ~[cucumber-java-6.11.0.jar:6.11.0]
	at io.cucumber.java.AbstractGlueDefinition.invokeMethod(AbstractGlueDefinition.java:47) ~[cucumber-java-6.11.0.jar:6.11.0]
	at io.cucumber.java.JavaHookDefinition.execute(JavaHookDefinition.java:59) ~[cucumber-java-6.11.0.jar:6.11.0]
	at io.cucumber.core.runner.CoreHookDefinition.execute(CoreHookDefinition.java:46) ~[cucumber-core-6.11.0.jar:6.11.0]
	at io.cucumber.core.runner.HookDefinitionMatch.runStep(HookDefinitionMatch.java:21) ~[cucumber-core-6.11.0.jar:6.11.0]
	at io.cucumber.core.runner.ExecutionMode$1.execute(ExecutionMode.java:10) ~[cucumber-core-6.11.0.jar:6.11.0]
	at io.cucumber.core.runner.TestStep.executeStep(TestStep.java:92) ~[cucumber-core-6.11.0.jar:6.11.0]
	at io.cucumber.core.runner.TestStep.run(TestStep.java:64) ~[cucumber-core-6.11.0.jar:6.11.0]
	at io.cucumber.core.runner.TestCase.run(TestCase.java:98) ~[cucumber-core-6.11.0.jar:6.11.0]
	at io.cucumber.core.runner.Runner.runPickle(Runner.java:73) ~[cucumber-core-6.11.0.jar:6.11.0]
	at io.cucumber.testng.TestNGCucumberRunner.lambda$runScenario$1(TestNGCucumberRunner.java:134) ~[cucumber-testng-6.11.0.jar:6.11.0]
	at io.cucumber.core.runtime.CucumberExecutionContext.runTestCase(CucumberExecutionContext.java:117) ~[cucumber-core-6.11.0.jar:6.11.0]
	at io.cucumber.testng.TestNGCucumberRunner.runScenario(TestNGCucumberRunner.java:131) ~[cucumber-testng-6.11.0.jar:6.11.0]
	at io.cucumber.testng.AbstractTestNGCucumberTests.runScenario(AbstractTestNGCucumberTests.java:31) ~[cucumber-testng-6.11.0.jar:6.11.0]
	at jdk.internal.reflect.NativeMethodAccessorImpl.invoke0(Native Method) ~[?:?]
	at jdk.internal.reflect.NativeMethodAccessorImpl.invoke(NativeMethodAccessorImpl.java:62) ~[?:?]
	at jdk.internal.reflect.DelegatingMethodAccessorImpl.invoke(DelegatingMethodAccessorImpl.java:43) ~[?:?]
	at java.lang.reflect.Method.invoke(Method.java:566) ~[?:?]
	at org.testng.internal.MethodInvocationHelper.invokeMethod(MethodInvocationHelper.java:134) ~[testng-7.1.0.jar:?]
	at org.testng.internal.TestInvoker.invokeMethod(TestInvoker.java:597) ~[testng-7.1.0.jar:?]
	at org.testng.internal.TestInvoker.invokeTestMethod(TestInvoker.java:173) ~[testng-7.1.0.jar:?]
	at org.testng.internal.MethodRunner.runInSequence(MethodRunner.java:46) ~[testng-7.1.0.jar:?]
	at org.testng.internal.TestInvoker$MethodInvocationAgent.invoke(TestInvoker.java:816) ~[testng-7.1.0.jar:?]
	at org.testng.internal.TestInvoker.invokeTestMethods(TestInvoker.java:146) ~[testng-7.1.0.jar:?]
	at org.testng.internal.TestMethodWorker.invokeTestMethods(TestMethodWorker.java:146) ~[testng-7.1.0.jar:?]
	at org.testng.internal.TestMethodWorker.run(TestMethodWorker.java:128) ~[testng-7.1.0.jar:?]
	at java.util.ArrayList.forEach(ArrayList.java:1541) ~[?:?]
	at org.testng.TestRunner.privateRun(TestRunner.java:766) ~[testng-7.1.0.jar:?]
	at org.testng.TestRunner.run(TestRunner.java:587) ~[testng-7.1.0.jar:?]
	at org.testng.SuiteRunner.runTest(SuiteRunner.java:384) ~[testng-7.1.0.jar:?]
	at org.testng.SuiteRunner.runSequentially(SuiteRunner.java:378) ~[testng-7.1.0.jar:?]
	at org.testng.SuiteRunner.privateRun(SuiteRunner.java:337) ~[testng-7.1.0.jar:?]
	at org.testng.SuiteRunner.run(SuiteRunner.java:286) ~[testng-7.1.0.jar:?]
	at org.testng.SuiteRunnerWorker.runSuite(SuiteRunnerWorker.java:53) ~[testng-7.1.0.jar:?]
	at org.testng.SuiteRunnerWorker.run(SuiteRunnerWorker.java:96) ~[testng-7.1.0.jar:?]
	at org.testng.TestNG.runSuitesSequentially(TestNG.java:1187) ~[testng-7.1.0.jar:?]
	at org.testng.TestNG.runSuitesLocally(TestNG.java:1109) ~[testng-7.1.0.jar:?]
	at org.testng.TestNG.runSuites(TestNG.java:1039) ~[testng-7.1.0.jar:?]
	at org.testng.TestNG.run(TestNG.java:1007) ~[testng-7.1.0.jar:?]
	at org.testng.remote.AbstractRemoteTestNG.run(AbstractRemoteTestNG.java:115) ~[testng-remote.jar:?]
	at org.testng.remote.RemoteTestNG.initAndRun(RemoteTestNG.java:293) ~[testng-remote.jar:?]
	at org.testng.remote.RemoteTestNG.main(RemoteTestNG.java:91) ~[testng-remote.jar:?]
23:58:05.618 [main] DEBUG io.netty.util.internal.PlatformDependent0 - java.nio.DirectByteBuffer.<init>(long, {int,long}): unavailable
23:58:05.618 [main] DEBUG io.netty.util.internal.PlatformDependent - sun.misc.Unsafe: available
23:58:05.618 [main] DEBUG io.netty.util.internal.PlatformDependent - maxDirectMemory: 2055208960 bytes (maybe)
23:58:05.619 [main] DEBUG io.netty.util.internal.PlatformDependent - -Dio.netty.tmpdir: C:\Users\vijay\AppData\Local\Temp (java.io.tmpdir)
23:58:05.619 [main] DEBUG io.netty.util.internal.PlatformDependent - -Dio.netty.bitMode: 64 (sun.arch.data.model)
23:58:05.619 [main] DEBUG io.netty.util.internal.PlatformDependent - Platform: Windows
23:58:05.621 [main] DEBUG io.netty.util.internal.PlatformDependent - -Dio.netty.maxDirectMemory: -1 bytes
23:58:05.621 [main] DEBUG io.netty.util.internal.PlatformDependent - -Dio.netty.uninitializedArrayAllocationThreshold: -1
23:58:05.622 [main] DEBUG io.netty.util.internal.CleanerJava9 - java.nio.ByteBuffer.cleaner(): available
23:58:05.622 [main] DEBUG io.netty.util.internal.PlatformDependent - -Dio.netty.noPreferDirect: false
23:58:05.629 [main] DEBUG io.netty.util.internal.PlatformDependent - org.jctools-core.MpscChunkedArrayQueue: available
23:58:05.654 [main] DEBUG io.netty.util.internal.InternalThreadLocalMap - -Dio.netty.threadLocalMap.stringBuilder.initialSize: 1024
23:58:05.654 [main] DEBUG io.netty.util.internal.InternalThreadLocalMap - -Dio.netty.threadLocalMap.stringBuilder.maxSize: 4096
23:58:05.712 [main] DEBUG io.netty.handler.ssl.JdkSslContext - Default protocols (JDK): [TLSv1.3, TLSv1.2] 
23:58:05.713 [main] DEBUG io.netty.handler.ssl.JdkSslContext - Default cipher suites (JDK): [TLS_ECDHE_ECDSA_WITH_AES_256_GCM_SHA384, TLS_ECDHE_ECDSA_WITH_AES_128_GCM_SHA256, TLS_ECDHE_RSA_WITH_AES_128_GCM_SHA256, TLS_ECDHE_RSA_WITH_AES_256_GCM_SHA384, TLS_ECDHE_RSA_WITH_AES_128_CBC_SHA, TLS_ECDHE_RSA_WITH_AES_256_CBC_SHA, TLS_RSA_WITH_AES_128_GCM_SHA256, TLS_RSA_WITH_AES_128_CBC_SHA, TLS_RSA_WITH_AES_256_CBC_SHA, TLS_AES_128_GCM_SHA256, TLS_AES_256_GCM_SHA384]
